<?xml version="1.0" encoding="UTF-8"?>
<!-- Generated by org.testng.reporters.JUnitReportReporter -->
<testsuite hostname="DESKTOP-95P10MB" name="TestAutoIT" tests="1" failures="0" timestamp="11 Jul 2019 07:21:27 GMT" time="19.316" errors="0">
  <testcase name="Test" time="19.316" classname="TestAutoIT"/>
</testsuite> <!-- TestAutoIT -->
